#
# There is insufficient memory for the Java Runtime Environment to continue.
# Native memory allocation (malloc) failed to allocate 183056 bytes for Chunk::new
# Possible reasons:
#   The system is out of physical RAM or swap space
#   The process is running with CompressedOops enabled, and the Java Heap may be blocking the growth of the native heap
# Possible solutions:
#   Reduce memory load on the system
#   Increase physical memory or swap space
#   Check if swap backing store is full
#   Decrease Java heap size (-Xmx/-Xms)
#   Decrease number of Java threads
#   Decrease Java thread stack sizes (-Xss)
#   Set larger code cache with -XX:ReservedCodeCacheSize=
#   JVM is running with Zero Based Compressed Oops mode in which the Java heap is
#     placed in the first 32GB address space. The Java Heap base address is the
#     maximum limit for the native heap growth. Please use -XX:HeapBaseMinAddress
#     to set the Java Heap base and to place the Java Heap above 32GB virtual address.
# This output file may be truncated or incomplete.
#
#  Out of Memory Error (allocation.cpp:389), pid=39132, tid=0x000000000001f374
#
# JRE version: Java(TM) SE Runtime Environment (8.0_351-b10) (build 1.8.0_351-b10)
# Java VM: Java HotSpot(TM) 64-Bit Server VM (25.351-b10 mixed mode windows-amd64 compressed oops)
# Failed to write core dump. Minidumps are not enabled by default on client versions of Windows
#

---------------  T H R E A D  ---------------

Current thread (0x000001c7b2903000):  JavaThread "C2 CompilerThread1" daemon [_thread_in_native, id=127860, stack(0x0000001534000000,0x0000001534100000)]

Stack: [0x0000001534000000,0x0000001534100000]
Native frames: (J=compiled Java code, j=interpreted, Vv=VM code, C=native code)
V  [jvm.dll+0x3300b9]


Current CompileTask:
C2:  11321 5076       4       java.net.URLStreamHandler::parseURL (1193 bytes)


---------------  P R O C E S S  ---------------

Java Threads: ( => current thread )
  0x000001c7b75d1800 JavaThread "AsyncHttpClient-1-2" daemon [_thread_in_native, id=45620, stack(0x0000001538d00000,0x0000001538e00000)]
  0x000001c7b75ce000 JavaThread "AsyncHttpClient-1-7" daemon [_thread_in_native, id=80260, stack(0x0000001538c00000,0x0000001538d00000)]
  0x000001c7b75d1000 JavaThread "AsyncHttpClient-1-6" daemon [_thread_in_native, id=97140, stack(0x0000001538b00000,0x0000001538c00000)]
  0x000001c7b75cf800 JavaThread "AsyncHttpClient-1-4" daemon [_thread_in_native, id=54108, stack(0x0000001538a00000,0x0000001538b00000)]
  0x000001c7b75d0000 JavaThread "AsyncHttpClient-1-5" daemon [_thread_in_native, id=88280, stack(0x0000001538900000,0x0000001538a00000)]
  0x000001c7b75d4800 JavaThread "AsyncHttpClient-1-3" daemon [_thread_in_native, id=81352, stack(0x0000001538800000,0x0000001538900000)]
  0x000001c7b75d4000 JavaThread "Keep-Alive-Timer" daemon [_thread_blocked, id=47896, stack(0x0000001538700000,0x0000001538800000)]
  0x000001c7b75ce800 JavaThread "Exec Stream Pumper" daemon [_thread_in_native, id=55920, stack(0x0000001538600000,0x0000001538700000)]
  0x000001c7b75c6800 JavaThread "Exec Stream Pumper" daemon [_thread_in_native, id=52120, stack(0x0000001538500000,0x0000001538600000)]
  0x000001c7b75ca000 JavaThread "Exec Stream Pumper" daemon [_thread_in_native, id=83592, stack(0x0000001538400000,0x0000001538500000)]
  0x000001c7b75cb000 JavaThread "Exec Stream Pumper" daemon [_thread_in_native, id=53512, stack(0x0000001538300000,0x0000001538400000)]
  0x000001c7b75cd000 JavaThread "Exec Stream Pumper" daemon [_thread_in_native, id=26692, stack(0x0000001538200000,0x0000001538300000)]
  0x000001c7b75c9800 JavaThread "Exec Stream Pumper" daemon [_thread_in_native, id=120988, stack(0x0000001538100000,0x0000001538200000)]
  0x000001c7b75c7000 JavaThread "Exec Stream Pumper" daemon [_thread_in_native, id=102908, stack(0x0000001538000000,0x0000001538100000)]
  0x000001c7b75c8800 JavaThread "Exec Stream Pumper" daemon [_thread_in_native, id=103484, stack(0x0000001537f00000,0x0000001538000000)]
  0x000001c7b75cc800 JavaThread "Exec Stream Pumper" daemon [_thread_in_native, id=52868, stack(0x0000001537e00000,0x0000001537f00000)]
  0x000001c7b75c5800 JavaThread "Exec Stream Pumper" daemon [_thread_in_native, id=16244, stack(0x0000001537d00000,0x0000001537e00000)]
  0x000001c7b75cb800 JavaThread "Exec Stream Pumper" daemon [_thread_in_native, id=9852, stack(0x0000001537c00000,0x0000001537d00000)]
  0x000001c7b75c8000 JavaThread "Exec Stream Pumper" daemon [_thread_in_native, id=108744, stack(0x0000001537b00000,0x0000001537c00000)]
  0x000001c7b3f20800 JavaThread "UrlChecker-6" daemon [_thread_blocked, id=80436, stack(0x0000001537a00000,0x0000001537b00000)]
  0x000001c7b3f1f800 JavaThread "UrlChecker-5" daemon [_thread_in_native, id=20476, stack(0x0000001537900000,0x0000001537a00000)]
  0x000001c7b3f1f000 JavaThread "UrlChecker-4" daemon [_thread_blocked, id=118036, stack(0x0000001537800000,0x0000001537900000)]
  0x000001c7b3f1c000 JavaThread "UrlChecker-2" daemon [_thread_blocked, id=15088, stack(0x0000001537700000,0x0000001537800000)]
  0x000001c7b3f22000 JavaThread "UrlChecker-7" daemon [_thread_blocked, id=47584, stack(0x0000001537600000,0x0000001537700000)]
  0x000001c7b3f21000 JavaThread "UrlChecker-3" daemon [_thread_blocked, id=118484, stack(0x0000001537500000,0x0000001537600000)]
  0x000001c7b3f1e000 JavaThread "Driver Service Executor" daemon [_thread_blocked, id=67356, stack(0x0000001537400000,0x0000001537500000)]
  0x000001c7b3f1c800 JavaThread "Driver Service Executor" daemon [_thread_blocked, id=17972, stack(0x0000001537300000,0x0000001537400000)]
  0x000001c7b3f1d800 JavaThread "Driver Service Executor" daemon [_thread_blocked, id=93204, stack(0x0000001537200000,0x0000001537300000)]
  0x000001c7b3f16000 JavaThread "Driver Service Executor" daemon [_thread_blocked, id=40956, stack(0x0000001537100000,0x0000001537200000)]
  0x000001c7b3f15000 JavaThread "Driver Service Executor" daemon [_thread_blocked, id=120752, stack(0x0000001537000000,0x0000001537100000)]
  0x000001c7b3f14800 JavaThread "Driver Service Executor" daemon [_thread_blocked, id=25644, stack(0x0000001536f00000,0x0000001537000000)]
  0x000001c7b3f1a800 JavaThread "Driver Service Executor" daemon [_thread_blocked, id=41324, stack(0x0000001536e00000,0x0000001536f00000)]
  0x000001c7b3f1b000 JavaThread "Driver Service Executor" daemon [_thread_blocked, id=50080, stack(0x0000001536d00000,0x0000001536e00000)]
  0x000001c7b3f17800 JavaThread "Driver Service Executor" daemon [_thread_blocked, id=43112, stack(0x0000001536c00000,0x0000001536d00000)]
  0x000001c7b3f13000 JavaThread "Driver Service Executor" daemon [_thread_blocked, id=109020, stack(0x0000001536b00000,0x0000001536c00000)]
  0x000001c7b3f13800 JavaThread "Driver Service Executor" daemon [_thread_blocked, id=115532, stack(0x0000001536a00000,0x0000001536b00000)]
  0x000001c7b3f19800 JavaThread "Driver Service Executor" daemon [_thread_blocked, id=68928, stack(0x0000001536900000,0x0000001536a00000)]
  0x000001c7b3f18000 JavaThread "Exec Default Executor" daemon [_thread_in_native, id=114276, stack(0x0000001536800000,0x0000001536900000)]
  0x000001c7b3f16800 JavaThread "Exec Default Executor" daemon [_thread_in_native, id=21524, stack(0x0000001536700000,0x0000001536800000)]
  0x000001c7b3f19000 JavaThread "Exec Default Executor" daemon [_thread_in_native, id=88648, stack(0x0000001536600000,0x0000001536700000)]
  0x000001c7b7e9f800 JavaThread "Exec Default Executor" daemon [_thread_in_native, id=12680, stack(0x0000001536500000,0x0000001536600000)]
  0x000001c7b7e9e000 JavaThread "Exec Default Executor" daemon [_thread_in_native, id=88360, stack(0x0000001536400000,0x0000001536500000)]
  0x000001c7b7e9f000 JavaThread "Exec Default Executor" daemon [_thread_in_native, id=9196, stack(0x0000001536300000,0x0000001536400000)]
  0x000001c7b7e9d800 JavaThread "DestroyJavaVM" [_thread_blocked, id=110588, stack(0x0000001533000000,0x0000001533100000)]
  0x000001c7b7e9c800 JavaThread "AsyncHttpClient-1-1" daemon [_thread_blocked, id=63004, stack(0x0000001536200000,0x0000001536300000)]
  0x000001c7b7e9c000 JavaThread "ForkJoinPool.commonPool-worker-1" daemon [_thread_blocked, id=23280, stack(0x0000001536100000,0x0000001536200000)]
  0x000001c7b7e9b000 JavaThread "Forwarding newSession on session null to remote" [_thread_blocked, id=83504, stack(0x0000001536000000,0x0000001536100000)]
  0x000001c7b7e9a800 JavaThread "Forwarding newSession on session null to remote" [_thread_blocked, id=29324, stack(0x0000001535f00000,0x0000001536000000)]
  0x000001c7b7e93000 JavaThread "Forwarding newSession on session null to remote" [_thread_blocked, id=56896, stack(0x0000001535e00000,0x0000001535f00000)]
  0x000001c7b7e99800 JavaThread "Forwarding newSession on session null to remote" [_thread_blocked, id=103280, stack(0x0000001535d00000,0x0000001535e00000)]
  0x000001c7b7e94800 JavaThread "Forwarding newSession on session null to remote" [_thread_blocked, id=33952, stack(0x0000001535c00000,0x0000001535d00000)]
  0x000001c7b7e92000 JavaThread "Forwarding newSession on session null to remote" [_thread_blocked, id=9624, stack(0x0000001535b00000,0x0000001535c00000)]
  0x000001c7b7e99000 JavaThread "mypool connection adder" daemon [_thread_blocked, id=121224, stack(0x0000001535a00000,0x0000001535b00000)]
  0x000001c7b7e91800 JavaThread "mypool housekeeper" daemon [_thread_blocked, id=122784, stack(0x0000001535900000,0x0000001535a00000)]
  0x000001c7b7e98000 JavaThread "http-nio-8910-Acceptor" daemon [_thread_in_native, id=63368, stack(0x0000001535700000,0x0000001535800000)]
  0x000001c7b7e97800 JavaThread "http-nio-8910-Poller" daemon [_thread_in_native, id=54056, stack(0x0000001535600000,0x0000001535700000)]
  0x000001c7b7e96800 JavaThread "http-nio-8910-exec-10" daemon [_thread_blocked, id=94340, stack(0x0000001535500000,0x0000001535600000)]
  0x000001c7b7e96000 JavaThread "http-nio-8910-exec-9" daemon [_thread_blocked, id=113696, stack(0x0000001535400000,0x0000001535500000)]
  0x000001c7b7e95000 JavaThread "http-nio-8910-exec-8" daemon [_thread_blocked, id=49760, stack(0x0000001535300000,0x0000001535400000)]
  0x000001c7b7e90800 JavaThread "http-nio-8910-exec-7" daemon [_thread_blocked, id=68936, stack(0x0000001535200000,0x0000001535300000)]
  0x000001c7b7e93800 JavaThread "http-nio-8910-exec-6" daemon [_thread_blocked, id=69100, stack(0x0000001535100000,0x0000001535200000)]
  0x000001c7b7320800 JavaThread "http-nio-8910-exec-5" daemon [_thread_blocked, id=22096, stack(0x0000001535000000,0x0000001535100000)]
  0x000001c7b7320000 JavaThread "http-nio-8910-exec-4" daemon [_thread_blocked, id=99248, stack(0x0000001534f00000,0x0000001535000000)]
  0x000001c7b7322000 JavaThread "http-nio-8910-exec-3" daemon [_thread_blocked, id=103684, stack(0x0000001534e00000,0x0000001534f00000)]
  0x000001c7b731f000 JavaThread "http-nio-8910-exec-2" daemon [_thread_blocked, id=81364, stack(0x0000001534d00000,0x0000001534e00000)]
  0x000001c7b7321800 JavaThread "http-nio-8910-exec-1" daemon [_thread_blocked, id=128860, stack(0x0000001534c00000,0x0000001534d00000)]
  0x000001c7b7fed800 JavaThread "mysql-cj-abandoned-connection-cleanup" daemon [_thread_blocked, id=34192, stack(0x0000001534b00000,0x0000001534c00000)]
  0x000001c7b2bc5800 JavaThread "container-0" [_thread_blocked, id=51080, stack(0x0000001534a00000,0x0000001534b00000)]
  0x000001c7b2c9b800 JavaThread "Catalina-utility-2" [_thread_blocked, id=80700, stack(0x0000001534900000,0x0000001534a00000)]
  0x000001c7b57a7000 JavaThread "Catalina-utility-1" [_thread_blocked, id=106584, stack(0x0000001534700000,0x0000001534800000)]
  0x000001c7b4c8e800 JavaThread "logback-1" daemon [_thread_blocked, id=82280, stack(0x0000001534800000,0x0000001534900000)]
  0x000001c7b31de000 JavaThread "AsyncAppender-Worker-ASYNC_LOG" daemon [_thread_blocked, id=116316, stack(0x0000001534600000,0x0000001534700000)]
  0x000001c7b35a6800 JavaThread "AsyncAppender-Worker-ASYNC_LOG" daemon [_thread_blocked, id=76632, stack(0x0000001534500000,0x0000001534600000)]
  0x000001c7b2913000 JavaThread "Service Thread" daemon [_thread_blocked, id=69020, stack(0x0000001534300000,0x0000001534400000)]
  0x000001c7b2906800 JavaThread "C1 CompilerThread3" daemon [_thread_blocked, id=44960, stack(0x0000001534200000,0x0000001534300000)]
  0x000001c7b2903800 JavaThread "C2 CompilerThread2" daemon [_thread_blocked, id=125052, stack(0x0000001534100000,0x0000001534200000)]
=>0x000001c7b2903000 JavaThread "C2 CompilerThread1" daemon [_thread_in_native, id=127860, stack(0x0000001534000000,0x0000001534100000)]
  0x000001c7b2902000 JavaThread "C2 CompilerThread0" daemon [_thread_blocked, id=52588, stack(0x0000001533f00000,0x0000001534000000)]
  0x000001c7b2900800 JavaThread "Monitor Ctrl-Break" daemon [_thread_in_native, id=32900, stack(0x0000001533e00000,0x0000001533f00000)]
  0x000001c7b0816000 JavaThread "Attach Listener" daemon [_thread_blocked, id=110028, stack(0x0000001533d00000,0x0000001533e00000)]
  0x000001c7b0815000 JavaThread "Signal Dispatcher" daemon [_thread_blocked, id=113692, stack(0x0000001533c00000,0x0000001533d00000)]
  0x000001c7959c6800 JavaThread "Finalizer" daemon [_thread_blocked, id=19508, stack(0x0000001533b00000,0x0000001533c00000)]
  0x000001c7959c0000 JavaThread "Reference Handler" daemon [_thread_blocked, id=6136, stack(0x0000001533a00000,0x0000001533b00000)]

Other Threads:
  0x000001c7959bd800 VMThread [stack: 0x0000001533900000,0x0000001533a00000] [id=104784]
  0x000001c7b2916000 WatcherThread [stack: 0x0000001534400000,0x0000001534500000] [id=36136]

VM state:not at safepoint (normal execution)

VM Mutex/Monitor currently owned by a thread: None

heap address: 0x00000006c2200000, size: 4062 MB, Compressed Oops mode: Zero based, Oop shift amount: 3
Narrow klass base: 0x0000000000000000, Narrow klass shift: 3
Compressed class space size: 1073741824 Address: 0x00000007c0000000

Heap:
 PSYoungGen      total 171520K, used 54433K [0x000000076b600000, 0x0000000779d00000, 0x00000007c0000000)
  eden space 161280K, 27% used [0x000000076b600000,0x000000076e12e340,0x0000000775380000)
  from space 10240K, 99% used [0x0000000775380000,0x0000000775d7a180,0x0000000775d80000)
  to   space 14336K, 0% used [0x0000000778f00000,0x0000000778f00000,0x0000000779d00000)
 ParOldGen       total 148992K, used 33218K [0x00000006c2200000, 0x00000006cb380000, 0x000000076b600000)
  object space 148992K, 22% used [0x00000006c2200000,0x00000006c4270a48,0x00000006cb380000)
 Metaspace       used 53999K, capacity 58007K, committed 58112K, reserved 1099776K
  class space    used 7133K, capacity 7866K, committed 7936K, reserved 1048576K

Card table byte_map: [0x000001c7a66d0000,0x000001c7a6ec0000] byte_map_base: 0x000001c7a30bf000

Marking Bits: (ParMarkBitMap*) 0x0000000065588fd0
 Begin Bits: [0x000001c7a7410000, 0x000001c7ab388000)
 End Bits:   [0x000001c7ab388000, 0x000001c7af300000)

Polling page: 0x000001c795b30000

CodeCache: size=245760Kb used=14899Kb max_used=14917Kb free=230860Kb
 bounds [0x000001c797310000, 0x000001c798220000, 0x000001c7a6310000]
 total_blobs=4851 nmethods=4306 adapters=457
 compilation: enabled

Compilation events (10 events):
Event: 11.232 Thread 0x000001c7b2903000 5076       4       java.net.URLStreamHandler::parseURL (1193 bytes)
Event: 11.241 Thread 0x000001c7b2903800 nmethod 5075 0x000001c797be1f50 code [0x000001c797be2140, 0x000001c797be31c0]
Event: 11.270 Thread 0x000001c7b2906800 5077       3       com.google.common.base.Preconditions::checkPositionIndex (8 bytes)
Event: 11.270 Thread 0x000001c7b2906800 nmethod 5077 0x000001c7974eeb50 code [0x000001c7974eece0, 0x000001c7974eefe0]
Event: 11.270 Thread 0x000001c7b2906800 5078       3       com.google.common.base.Preconditions::checkPositionIndex (25 bytes)
Event: 11.270 Thread 0x000001c7b2906800 nmethod 5078 0x000001c7974ee610 code [0x000001c7974ee780, 0x000001c7974eea20]
Event: 11.276 Thread 0x000001c7b2906800 5079       3       org.openqa.selenium.json.StaticInitializerCoercer$$Lambda$1170/1306820316::test (8 bytes)
Event: 11.276 Thread 0x000001c7b2906800 nmethod 5079 0x000001c7974edf50 code [0x000001c7974ee0c0, 0x000001c7974ee4b8]
Event: 11.276 Thread 0x000001c7b2906800 5080       3       java.util.stream.ReduceOps$ReduceOp::<init> (10 bytes)
Event: 11.276 Thread 0x000001c7b2906800 nmethod 5080 0x000001c797d0d8d0 code [0x000001c797d0da20, 0x000001c797d0dbf8]

GC Heap History (10 events):
Event: 4.578 GC heap before
{Heap before GC invocations=7 (full 1):
 PSYoungGen      total 75776K, used 71425K [0x000000076b600000, 0x0000000772b00000, 0x00000007c0000000)
  eden space 65024K, 100% used [0x000000076b600000,0x000000076f580000,0x000000076f580000)
  from space 10752K, 59% used [0x000000076f580000,0x000000076fbc0558,0x0000000770000000)
  to   space 9216K, 0% used [0x0000000772200000,0x0000000772200000,0x0000000772b00000)
 ParOldGen       total 100352K, used 7671K [0x00000006c2200000, 0x00000006c8400000, 0x000000076b600000)
  object space 100352K, 7% used [0x00000006c2200000,0x00000006c297de58,0x00000006c8400000)
 Metaspace       used 31339K, capacity 33178K, committed 33280K, reserved 1079296K
  class space    used 3985K, capacity 4331K, committed 4352K, reserved 1048576K
Event: 4.583 GC heap after
Heap after GC invocations=7 (full 1):
 PSYoungGen      total 110080K, used 8265K [0x000000076b600000, 0x0000000772c00000, 0x00000007c0000000)
  eden space 100864K, 0% used [0x000000076b600000,0x000000076b600000,0x0000000771880000)
  from space 9216K, 89% used [0x0000000772200000,0x0000000772a12528,0x0000000772b00000)
  to   space 9728K, 0% used [0x0000000771880000,0x0000000771880000,0x0000000772200000)
 ParOldGen       total 100352K, used 7679K [0x00000006c2200000, 0x00000006c8400000, 0x000000076b600000)
  object space 100352K, 7% used [0x00000006c2200000,0x00000006c297fe58,0x00000006c8400000)
 Metaspace       used 31339K, capacity 33178K, committed 33280K, reserved 1079296K
  class space    used 3985K, capacity 4331K, committed 4352K, reserved 1048576K
}
Event: 5.009 GC heap before
{Heap before GC invocations=8 (full 1):
 PSYoungGen      total 110080K, used 44928K [0x000000076b600000, 0x0000000772c00000, 0x00000007c0000000)
  eden space 100864K, 36% used [0x000000076b600000,0x000000076d9cdbf8,0x0000000771880000)
  from space 9216K, 89% used [0x0000000772200000,0x0000000772a12528,0x0000000772b00000)
  to   space 9728K, 0% used [0x0000000771880000,0x0000000771880000,0x0000000772200000)
 ParOldGen       total 100352K, used 7679K [0x00000006c2200000, 0x00000006c8400000, 0x000000076b600000)
  object space 100352K, 7% used [0x00000006c2200000,0x00000006c297fe58,0x00000006c8400000)
 Metaspace       used 33355K, capacity 35349K, committed 35416K, reserved 1079296K
  class space    used 4276K, capacity 4669K, committed 4736K, reserved 1048576K
Event: 5.017 GC heap after
Heap after GC invocations=8 (full 1):
 PSYoungGen      total 110592K, used 8713K [0x000000076b600000, 0x0000000776980000, 0x00000007c0000000)
  eden space 100864K, 0% used [0x000000076b600000,0x000000076b600000,0x0000000771880000)
  from space 9728K, 89% used [0x0000000771880000,0x0000000772102500,0x0000000772200000)
  to   space 10240K, 0% used [0x0000000775f80000,0x0000000775f80000,0x0000000776980000)
 ParOldGen       total 100352K, used 7687K [0x00000006c2200000, 0x00000006c8400000, 0x000000076b600000)
  object space 100352K, 7% used [0x00000006c2200000,0x00000006c2981e58,0x00000006c8400000)
 Metaspace       used 33355K, capacity 35349K, committed 35416K, reserved 1079296K
  class space    used 4276K, capacity 4669K, committed 4736K, reserved 1048576K
}
Event: 5.017 GC heap before
{Heap before GC invocations=9 (full 2):
 PSYoungGen      total 110592K, used 8713K [0x000000076b600000, 0x0000000776980000, 0x00000007c0000000)
  eden space 100864K, 0% used [0x000000076b600000,0x000000076b600000,0x0000000771880000)
  from space 9728K, 89% used [0x0000000771880000,0x0000000772102500,0x0000000772200000)
  to   space 10240K, 0% used [0x0000000775f80000,0x0000000775f80000,0x0000000776980000)
 ParOldGen       total 100352K, used 7687K [0x00000006c2200000, 0x00000006c8400000, 0x000000076b600000)
  object space 100352K, 7% used [0x00000006c2200000,0x00000006c2981e58,0x00000006c8400000)
 Metaspace       used 33355K, capacity 35349K, committed 35416K, reserved 1079296K
  class space    used 4276K, capacity 4669K, committed 4736K, reserved 1048576K
Event: 5.042 GC heap after
Heap after GC invocations=9 (full 2):
 PSYoungGen      total 110592K, used 0K [0x000000076b600000, 0x0000000776980000, 0x00000007c0000000)
  eden space 100864K, 0% used [0x000000076b600000,0x000000076b600000,0x0000000771880000)
  from space 9728K, 0% used [0x0000000771880000,0x0000000771880000,0x0000000772200000)
  to   space 10240K, 0% used [0x0000000775f80000,0x0000000775f80000,0x0000000776980000)
 ParOldGen       total 148992K, used 13168K [0x00000006c2200000, 0x00000006cb380000, 0x000000076b600000)
  object space 148992K, 8% used [0x00000006c2200000,0x00000006c2edc298,0x00000006cb380000)
 Metaspace       used 33355K, capacity 35349K, committed 35416K, reserved 1079296K
  class space    used 4276K, capacity 4669K, committed 4736K, reserved 1048576K
}
Event: 6.128 GC heap before
{Heap before GC invocations=10 (full 2):
 PSYoungGen      total 110592K, used 100864K [0x000000076b600000, 0x0000000776980000, 0x00000007c0000000)
  eden space 100864K, 100% used [0x000000076b600000,0x0000000771880000,0x0000000771880000)
  from space 9728K, 0% used [0x0000000771880000,0x0000000771880000,0x0000000772200000)
  to   space 10240K, 0% used [0x0000000775f80000,0x0000000775f80000,0x0000000776980000)
 ParOldGen       total 148992K, used 13168K [0x00000006c2200000, 0x00000006cb380000, 0x000000076b600000)
  object space 148992K, 8% used [0x00000006c2200000,0x00000006c2edc298,0x00000006cb380000)
 Metaspace       used 38928K, capacity 41149K, committed 41344K, reserved 1085440K
  class space    used 4990K, capacity 5407K, committed 5504K, reserved 1048576K
Event: 6.145 GC heap after
Heap after GC invocations=10 (full 2):
 PSYoungGen      total 165888K, used 7825K [0x000000076b600000, 0x0000000776780000, 0x00000007c0000000)
  eden space 157696K, 0% used [0x000000076b600000,0x000000076b600000,0x0000000775000000)
  from space 8192K, 95% used [0x0000000775f80000,0x0000000776724578,0x0000000776780000)
  to   space 10240K, 0% used [0x0000000775380000,0x0000000775380000,0x0000000775d80000)
 ParOldGen       total 148992K, used 24877K [0x00000006c2200000, 0x00000006cb380000, 0x000000076b600000)
  object space 148992K, 16% used [0x00000006c2200000,0x00000006c3a4b4b8,0x00000006cb380000)
 Metaspace       used 38928K, capacity 41149K, committed 41344K, reserved 1085440K
  class space    used 4990K, capacity 5407K, committed 5504K, reserved 1048576K
}
Event: 8.451 GC heap before
{Heap before GC invocations=11 (full 2):
 PSYoungGen      total 165888K, used 165521K [0x000000076b600000, 0x0000000776780000, 0x00000007c0000000)
  eden space 157696K, 100% used [0x000000076b600000,0x0000000775000000,0x0000000775000000)
  from space 8192K, 95% used [0x0000000775f80000,0x0000000776724578,0x0000000776780000)
  to   space 10240K, 0% used [0x0000000775380000,0x0000000775380000,0x0000000775d80000)
 ParOldGen       total 148992K, used 24877K [0x00000006c2200000, 0x00000006cb380000, 0x000000076b600000)
  object space 148992K, 16% used [0x00000006c2200000,0x00000006c3a4b4b8,0x00000006cb380000)
 Metaspace       used 52108K, capacity 56075K, committed 56320K, reserved 1097728K
  class space    used 6841K, capacity 7570K, committed 7680K, reserved 1048576K
Event: 8.464 GC heap after
Heap after GC invocations=11 (full 2):
 PSYoungGen      total 171520K, used 10216K [0x000000076b600000, 0x0000000779d00000, 0x00000007c0000000)
  eden space 161280K, 0% used [0x000000076b600000,0x000000076b600000,0x0000000775380000)
  from space 10240K, 99% used [0x0000000775380000,0x0000000775d7a180,0x0000000775d80000)
  to   space 14336K, 0% used [0x0000000778f00000,0x0000000778f00000,0x0000000779d00000)
 ParOldGen       total 148992K, used 33218K [0x00000006c2200000, 0x00000006cb380000, 0x000000076b600000)
  object space 148992K, 22% used [0x00000006c2200000,0x00000006c4270a48,0x00000006cb380000)
 Metaspace       used 52108K, capacity 56075K, committed 56320K, reserved 1097728K
  class space    used 6841K, capacity 7570K, committed 7680K, reserved 1048576K
}

Deoptimization events (10 events):
Event: 8.829 Thread 0x000001c7b7e92000 Uncommon trap: reason=unloaded action=reinterpret pc=0x000001c797e9d024 method=java.lang.Class.createAnnotationData(I)Ljava/lang/Class$AnnotationData; @ 98
Event: 8.829 Thread 0x000001c7b7e9b000 Uncommon trap: reason=unloaded action=reinterpret pc=0x000001c797e9d024 method=java.lang.Class.createAnnotationData(I)Ljava/lang/Class$AnnotationData; @ 98
Event: 8.829 Thread 0x000001c7b7e99800 Uncommon trap: reason=unloaded action=reinterpret pc=0x000001c797e9d024 method=java.lang.Class.createAnnotationData(I)Ljava/lang/Class$AnnotationData; @ 98
Event: 8.829 Thread 0x000001c7b7e9a800 Uncommon trap: reason=unloaded action=reinterpret pc=0x000001c797e9d024 method=java.lang.Class.createAnnotationData(I)Ljava/lang/Class$AnnotationData; @ 98
Event: 8.862 Thread 0x000001c7b75d0000 Uncommon trap: reason=unstable_if action=reinterpret pc=0x000001c7978770e4 method=java.util.concurrent.ConcurrentHashMap.addCount(JI)V @ 34
Event: 8.862 Thread 0x000001c7b75d4800 Uncommon trap: reason=unstable_if action=reinterpret pc=0x000001c797c926d8 method=java.util.concurrent.ConcurrentHashMap.sumCount()J @ 11
Event: 11.214 Thread 0x000001c7b7e9a800 Uncommon trap: reason=bimorphic action=maybe_recompile pc=0x000001c79760ce88 method=java.util.AbstractList$Itr.next()Ljava/lang/Object; @ 14
Event: 11.214 Thread 0x000001c7b7e9a800 Uncommon trap: reason=bimorphic action=maybe_recompile pc=0x000001c79760ce88 method=java.util.AbstractList$Itr.next()Ljava/lang/Object; @ 14
Event: 11.214 Thread 0x000001c7b7e9a800 Uncommon trap: reason=bimorphic action=maybe_recompile pc=0x000001c79760ce88 method=java.util.AbstractList$Itr.next()Ljava/lang/Object; @ 14
Event: 11.276 Thread 0x000001c7b7e9a800 Uncommon trap: reason=class_check action=maybe_recompile pc=0x000001c797b8d380 method=org.openqa.selenium.json.Input.fill()Z @ 85

Classes redefined (0 events):
No events

Internal exceptions (10 events):
Event: 8.272 Thread 0x000001c7b3f21000 Exception <a 'java/net/SocketTimeoutException': connect timed out> (0x0000000772d71498) thrown at [C:\jenkins\workspace\8-2-build-windows-x64-cygwin\jdk8u351\2908\hotspot\src\share\vm\prims\jni.cpp, line 737]
Event: 8.272 Thread 0x000001c7b3f1f000 Exception <a 'java/net/SocketTimeoutException': connect timed out> (0x0000000772fc19d0) thrown at [C:\jenkins\workspace\8-2-build-windows-x64-cygwin\jdk8u351\2908\hotspot\src\share\vm\prims\jni.cpp, line 737]
Event: 8.272 Thread 0x000001c7b3f20800 Exception <a 'java/net/SocketTimeoutException': connect timed out> (0x0000000773085450) thrown at [C:\jenkins\workspace\8-2-build-windows-x64-cygwin\jdk8u351\2908\hotspot\src\share\vm\prims\jni.cpp, line 737]
Event: 8.272 Thread 0x000001c7b3f1c000 Exception <a 'java/net/SocketTimeoutException': connect timed out> (0x0000000772efafd8) thrown at [C:\jenkins\workspace\8-2-build-windows-x64-cygwin\jdk8u351\2908\hotspot\src\share\vm\prims\jni.cpp, line 737]
Event: 8.272 Thread 0x000001c7b3f1f800 Exception <a 'java/net/SocketTimeoutException': connect timed out> (0x0000000773154428) thrown at [C:\jenkins\workspace\8-2-build-windows-x64-cygwin\jdk8u351\2908\hotspot\src\share\vm\prims\jni.cpp, line 737]
Event: 8.272 Thread 0x000001c7b3f22000 Exception <a 'java/net/SocketTimeoutException': connect timed out> (0x0000000772e4d428) thrown at [C:\jenkins\workspace\8-2-build-windows-x64-cygwin\jdk8u351\2908\hotspot\src\share\vm\prims\jni.cpp, line 737]
Event: 8.361 Thread 0x000001c7b7e93000 Exception <a 'java/lang/NoSuchMethodError': java.lang.Object.lambda$negate$1(Ljava/lang/Object;)Z> (0x000000077435c510) thrown at [C:\jenkins\workspace\8-2-build-windows-x64-cygwin\jdk8u351\2908\hotspot\src\share\vm\interpreter\linkResolver.cpp, line 620]
Event: 8.361 Thread 0x000001c7b7e9a800 Exception <a 'java/lang/NoSuchMethodError': java.lang.Object.lambda$negate$1(Ljava/lang/Object;)Z> (0x00000007744e9be8) thrown at [C:\jenkins\workspace\8-2-build-windows-x64-cygwin\jdk8u351\2908\hotspot\src\share\vm\interpreter\linkResolver.cpp, line 620]
Event: 8.361 Thread 0x000001c7b7e9b000 Exception <a 'java/lang/NoSuchMethodError': java.lang.Object.lambda$negate$1(Ljava/lang/Object;)Z> (0x000000077456abd8) thrown at [C:\jenkins\workspace\8-2-build-windows-x64-cygwin\jdk8u351\2908\hotspot\src\share\vm\interpreter\linkResolver.cpp, line 620]
Event: 8.361 Thread 0x000001c7b7e99800 Exception <a 'java/lang/NoSuchMethodError': java.lang.Object.lambda$negate$1(Ljava/lang/Object;)Z> (0x0000000774217b10) thrown at [C:\jenkins\workspace\8-2-build-windows-x64-cygwin\jdk8u351\2908\hotspot\src\share\vm\interpreter\linkResolver.cpp, line 620]

Events (10 events):
Event: 11.279 loading class sun/misc/JavaObjectInputStreamAccess
Event: 11.279 loading class sun/misc/JavaObjectInputStreamAccess done
Event: 11.279 loading class sun/misc/JavaObjectInputStreamReadString
Event: 11.279 loading class sun/misc/JavaObjectInputStreamReadString done
Event: 11.279 loading class sun/misc/JavaxCryptoSealedObjectAccess
Event: 11.279 loading class sun/misc/JavaxCryptoSealedObjectAccess done
Event: 11.280 loading class org/openqa/selenium/net/UrlChecker
Event: 11.280 loading class org/openqa/selenium/net/UrlChecker done
Event: 11.280 Executing VM operation: RevokeBias
Event: 11.281 Executing VM operation: RevokeBias done


Dynamic libraries:
0x00007ff6c4aa0000 - 0x00007ff6c4ae7000 	E:\java\env\jdk\jdk1.8.0_351\bin\java.exe
0x00007ffb84f70000 - 0x00007ffb85167000 	C:\Windows\SYSTEM32\ntdll.dll
0x00007ffb84d40000 - 0x00007ffb84dfd000 	C:\Windows\System32\KERNEL32.DLL
0x00007ffb82cd0000 - 0x00007ffb82f9d000 	C:\Windows\System32\KERNELBASE.dll
0x00007ffb84210000 - 0x00007ffb842be000 	C:\Windows\System32\ADVAPI32.dll
0x00007ffb845b0000 - 0x00007ffb8464e000 	C:\Windows\System32\msvcrt.dll
0x00007ffb84e00000 - 0x00007ffb84e9c000 	C:\Windows\System32\sechost.dll
0x00007ffb843f0000 - 0x00007ffb84515000 	C:\Windows\System32\RPCRT4.dll
0x00007ffb83650000 - 0x00007ffb837f0000 	C:\Windows\System32\USER32.dll
0x00007ffb82720000 - 0x00007ffb82742000 	C:\Windows\System32\win32u.dll
0x00007ffb83810000 - 0x00007ffb8383a000 	C:\Windows\System32\GDI32.dll
0x00007ffb82ab0000 - 0x00007ffb82bbb000 	C:\Windows\System32\gdi32full.dll
0x00007ffb82c30000 - 0x00007ffb82ccd000 	C:\Windows\System32\msvcp_win.dll
0x00007ffb82850000 - 0x00007ffb82950000 	C:\Windows\System32\ucrtbase.dll
0x00007ffb651a0000 - 0x00007ffb6543a000 	C:\Windows\WinSxS\amd64_microsoft.windows.common-controls_6595b64144ccf1df_6.0.19041.1110_none_60b5254171f9507e\COMCTL32.dll
0x00007ffb835c0000 - 0x00007ffb835f0000 	C:\Windows\System32\IMM32.DLL
0x00007ffb78830000 - 0x00007ffb78845000 	E:\java\env\jdk\jdk1.8.0_351\jre\bin\vcruntime140.dll
0x00007ffb55230000 - 0x00007ffb552cb000 	E:\java\env\jdk\jdk1.8.0_351\jre\bin\msvcp140.dll
0x0000000064da0000 - 0x0000000065601000 	E:\java\env\jdk\jdk1.8.0_351\jre\bin\server\jvm.dll
0x00007ffb831a0000 - 0x00007ffb831a8000 	C:\Windows\System32\PSAPI.DLL
0x00007ffb7acc0000 - 0x00007ffb7acc9000 	C:\Windows\SYSTEM32\WSOCK32.dll
0x00007ffb7e150000 - 0x00007ffb7e177000 	C:\Windows\SYSTEM32\WINMM.dll
0x00007ffb83840000 - 0x00007ffb838ab000 	C:\Windows\System32\WS2_32.dll
0x00007ffb7c380000 - 0x00007ffb7c38a000 	C:\Windows\SYSTEM32\VERSION.dll
0x00007ffb80580000 - 0x00007ffb80592000 	C:\Windows\SYSTEM32\kernel.appcore.dll
0x00007ffb787e0000 - 0x00007ffb787f0000 	E:\java\env\jdk\jdk1.8.0_351\jre\bin\verify.dll
0x00007ffb74c60000 - 0x00007ffb74c8b000 	E:\java\env\jdk\jdk1.8.0_351\jre\bin\java.dll
0x00007ffb5dc10000 - 0x00007ffb5dc40000 	E:\java\env\jdk\jdk1.8.0_351\jre\bin\instrument.dll
0x00007ffb74be0000 - 0x00007ffb74bf8000 	E:\java\env\jdk\jdk1.8.0_351\jre\bin\zip.dll
0x00007ffb83ac0000 - 0x00007ffb84204000 	C:\Windows\System32\SHELL32.dll
0x00007ffb80780000 - 0x00007ffb80f14000 	C:\Windows\SYSTEM32\windows.storage.dll
0x00007ffb831b0000 - 0x00007ffb83504000 	C:\Windows\System32\combase.dll
0x00007ffb82050000 - 0x00007ffb8207c000 	C:\Windows\SYSTEM32\Wldp.dll
0x00007ffb83510000 - 0x00007ffb835bd000 	C:\Windows\System32\SHCORE.dll
0x00007ffb835f0000 - 0x00007ffb83645000 	C:\Windows\System32\shlwapi.dll
0x00007ffb825a0000 - 0x00007ffb825bf000 	C:\Windows\SYSTEM32\profapi.dll
0x00007ffb5f810000 - 0x00007ffb5f82a000 	D:\programFiles\IntelliJ IDEA 2022.3\bin\breakgen64.dll
0x00007ffb746e0000 - 0x00007ffb746fc000 	E:\java\env\jdk\jdk1.8.0_351\jre\bin\net.dll
0x00007ffb81d50000 - 0x00007ffb81dba000 	C:\Windows\system32\mswsock.dll
0x00007ffb78820000 - 0x00007ffb7882d000 	E:\java\env\jdk\jdk1.8.0_351\jre\bin\management.dll
0x00007ffb7e0c0000 - 0x00007ffb7e0d7000 	C:\Windows\system32\napinsp.dll
0x00007ffb7e0a0000 - 0x00007ffb7e0bb000 	C:\Windows\system32\pnrpnsp.dll
0x00007ffb5f660000 - 0x00007ffb5f675000 	C:\Windows\system32\wshbth.dll
0x00007ffb7e070000 - 0x00007ffb7e08d000 	C:\Windows\system32\NLAapi.dll
0x00007ffb81a40000 - 0x00007ffb81a7b000 	C:\Windows\SYSTEM32\IPHLPAPI.DLL
0x00007ffb81a80000 - 0x00007ffb81b4b000 	C:\Windows\SYSTEM32\DNSAPI.dll
0x00007ffb837f0000 - 0x00007ffb837f8000 	C:\Windows\System32\NSI.dll
0x00007ffb7a450000 - 0x00007ffb7a462000 	C:\Windows\System32\winrnr.dll
0x00007ffb7af70000 - 0x00007ffb7af7a000 	C:\Windows\System32\rasadhlp.dll
0x00007ffb7a6c0000 - 0x00007ffb7a740000 	C:\Windows\System32\fwpuclnt.dll
0x00007ffb826f0000 - 0x00007ffb82717000 	C:\Windows\System32\bcrypt.dll
0x00007ffb74400000 - 0x00007ffb74413000 	E:\java\env\jdk\jdk1.8.0_351\jre\bin\nio.dll
0x0000000180000000 - 0x0000000180289000 	C:\Windows\System32\tcnative-1.dll
0x00007ffb82950000 - 0x00007ffb82aa6000 	C:\Windows\System32\CRYPT32.dll
0x00007ffb81f50000 - 0x00007ffb81f68000 	C:\Windows\SYSTEM32\CRYPTSP.dll
0x00007ffb816d0000 - 0x00007ffb81704000 	C:\Windows\system32\rsaenh.dll
0x00007ffb82560000 - 0x00007ffb8258e000 	C:\Windows\SYSTEM32\USERENV.dll
0x00007ffb82660000 - 0x00007ffb826e2000 	C:\Windows\System32\bcryptprimitives.dll
0x00007ffb81f40000 - 0x00007ffb81f4c000 	C:\Windows\SYSTEM32\CRYPTBASE.dll
0x00007ffb7cdd0000 - 0x00007ffb7cde7000 	C:\Windows\SYSTEM32\dhcpcsvc6.DLL
0x00007ffb7cdb0000 - 0x00007ffb7cdcd000 	C:\Windows\SYSTEM32\dhcpcsvc.DLL
0x00007ffb5ce30000 - 0x00007ffb5ce54000 	E:\java\env\jdk\jdk1.8.0_351\jre\bin\sunec.dll
0x00007ffb745f0000 - 0x00007ffb745fd000 	E:\java\env\jdk\jdk1.8.0_351\jre\bin\sunmscapi.dll
0x00007ffb820c0000 - 0x00007ffb820e7000 	C:\Windows\SYSTEM32\ncrypt.dll
0x00007ffb82080000 - 0x00007ffb820bb000 	C:\Windows\SYSTEM32\NTASN1.dll
0x00007ffb6cda0000 - 0x00007ffb6cf84000 	C:\Windows\SYSTEM32\dbghelp.dll

VM Arguments:
jvm_args: -javaagent:D:\programFiles\IntelliJ IDEA 2022.3\lib\idea_rt.jar=50308:D:\programFiles\IntelliJ IDEA 2022.3\bin -Dfile.encoding=UTF-8 
java_command: com.hiido.shop.scawelshop.ScawelShopApplication
java_class_path (initial): E:\java\env\jdk\jdk1.8.0_351\jre\lib\charsets.jar;E:\java\env\jdk\jdk1.8.0_351\jre\lib\deploy.jar;E:\java\env\jdk\jdk1.8.0_351\jre\lib\ext\access-bridge-64.jar;E:\java\env\jdk\jdk1.8.0_351\jre\lib\ext\cldrdata.jar;E:\java\env\jdk\jdk1.8.0_351\jre\lib\ext\dnsns.jar;E:\java\env\jdk\jdk1.8.0_351\jre\lib\ext\jaccess.jar;E:\java\env\jdk\jdk1.8.0_351\jre\lib\ext\jfxrt.jar;E:\java\env\jdk\jdk1.8.0_351\jre\lib\ext\localedata.jar;E:\java\env\jdk\jdk1.8.0_351\jre\lib\ext\nashorn.jar;E:\java\env\jdk\jdk1.8.0_351\jre\lib\ext\sunec.jar;E:\java\env\jdk\jdk1.8.0_351\jre\lib\ext\sunjce_provider.jar;E:\java\env\jdk\jdk1.8.0_351\jre\lib\ext\sunmscapi.jar;E:\java\env\jdk\jdk1.8.0_351\jre\lib\ext\sunpkcs11.jar;E:\java\env\jdk\jdk1.8.0_351\jre\lib\ext\zipfs.jar;E:\java\env\jdk\jdk1.8.0_351\jre\lib\javaws.jar;E:\java\env\jdk\jdk1.8.0_351\jre\lib\jce.jar;E:\java\env\jdk\jdk1.8.0_351\jre\lib\jfr.jar;E:\java\env\jdk\jdk1.8.0_351\jre\lib\jfxswt.jar;E:\java\env\jdk\jdk1.8.0_351\jre\lib\jsse.jar;E:\java\env\jdk\jdk1.8.0_351\jre\lib\management-agent.jar;E:\java\env\jdk\jdk1.8.0_351\jre\lib\plugin.jar;E:\java\env\jdk\jdk1.8.0_351\jre\lib\resources.jar;E:\java\env\jdk\jdk1.8.0_351\jre\lib\rt.jar;E:\code\java\scawelShop\target\classes;E:\java\env\maven\maven-repository\org\seleniumhq\selenium\selenium-api\4.0.0\selenium-api-4.0.0.jar;E:\java\env\maven\maven-repository\org\seleniumhq\selenium\selenium-chrome-driver\4.0.0\selenium-chrome-driver-4.0.0.jar;E:\java\env\maven\maven-repository\com\google\auto\service\auto-service-annotations\1.0\auto-service-annotations-1.0.jar;E:\java\env\maven\maven-repository\com\google\auto\service\auto-service\1.0\auto-service-1.0.jar;E:\java\env\maven\maven-repository\com\google\auto\auto-common\1.0\auto-common-1.0.jar;E:\java\env\maven\maven-repository\org\seleniumhq\selenium\selenium-chromium-driver\4.0.0\selenium-chromium-driver-4.0.0.jar;E:\java\env\maven\maven-repository\org\seleniumhq\selenium\selenium-json\4.0.0\selenium-json-4.0
Launcher Type: SUN_STANDARD

Environment Variables:
JAVA_HOME=E:\java\env\jdk\jdk1.8.0_351
PATH="E:\java\env\jdk\jdk1.8.0_351\bin;E:\java\env\jdk\jdk1.8.0_351\jre\bin;";C:\Program Files (x86)\Common Files\Oracle\Java\javapath;C:\Windows\system32;C:\Windows;C:\Windows\System32\Wbem;C:\Windows\System32\WindowsPowerShell\v1.0\;C:\Windows\System32\OpenSSH\;E:\git\Git\cmd;E:\java\env\maven\apache-maven-3.8.6\bin\;E:\redis;D:\programFiles\TortoiseGit2.13.0.1\bin;E:\mysql\mysql-8.0.31-winx64\bin;E:\java\env\jdk\jdk1.8.0_351\bin;D:\programFiles\anaconda;D:\programFiles\anaconda\Library\mingw-w64\bin;D:\programFiles\anaconda\Library\usr\bin;D:\programFiles\anaconda\Library\bin;D:\programFiles\anaconda\Scripts;C:\Users\JOYY\AppData\Local\Microsoft\WindowsApps
USERNAME=JOYY
OS=Windows_NT
PROCESSOR_IDENTIFIER=Intel64 Family 6 Model 158 Stepping 13, GenuineIntel



---------------  S Y S T E M  ---------------

OS: Windows 10 , 64 bit Build 19041 (10.0.19041.1741)

CPU:total 8 (initial active 8) (8 cores per cpu, 1 threads per core) family 6 model 158 stepping 13, cmov, cx8, fxsr, mmx, sse, sse2, sse3, ssse3, sse4.1, sse4.2, popcnt, avx, avx2, aes, clmul, erms, 3dnowpref, lzcnt, tsc, tscinvbit, bmi1, bmi2, adx

Memory: 4k page, physical 16637672k(572292k free), swap 47840016k(5148k free)

vm_info: Java HotSpot(TM) 64-Bit Server VM (25.351-b10) for windows-amd64 JRE (1.8.0_351-b10), built on Sep 15 2022 02:58:06 by "java_re" with MS VC++ 15.9 (VS2017)

time: Fri Feb 10 13:57:17 2023
timezone: Intel64 Family 6 Model 158 Stepping 13, GenuineIntel
elapsed time: 11.326015 seconds (0d 0h 0m 11s)

